;  LST file generated by mikroListExporter - v.2.0 
; Date/Time: 2/17/2022 7:47:41 PM
;----------------------------------------------

;Address Opcode 	ASM
0x0000	0xF000EF71  	GOTO        226
0x0004	0x0000      	NOP
0x0006	0x0000      	NOP
0x0008	0xF000EF00  	GOTO        0
0x000C	0x0000      	NOP
0x000E	0x0000      	NOP
0x0010	0x0000      	NOP
0x0012	0x0000      	NOP
0x0014	0x0000      	NOP
0x0016	0x0000      	NOP
0x0018	0xD7F3      	BRA         0
_UART1_Write:
;__Lib_UART_c67.c,58 :: 		
;__Lib_UART_c67.c,59 :: 		
L_UART1_Write3:
0x001C	0xB2AC      	BTFSC       TXSTA, 1 
0x001E	0xD002      	BRA         L_UART1_Write4
;__Lib_UART_c67.c,60 :: 		
0x0020	0x0000      	NOP
0x0022	0xD7FC      	BRA         L_UART1_Write3
L_UART1_Write4:
;__Lib_UART_c67.c,61 :: 		
0x0024	0xFFADC067  	MOVFF       FARG_UART1_Write_data_, TXREG
;__Lib_UART_c67.c,62 :: 		
L_end_UART1_Write:
0x0028	0x0012      	RETURN      0
; end of _UART1_Write
_UART1_Data_Ready:
;__Lib_UART_c67.c,34 :: 		
;__Lib_UART_c67.c,35 :: 		
0x002A	0x0E00      	MOVLW       0
0x002C	0xBA9E      	BTFSC       PIR1, 5 
0x002E	0x0E01      	MOVLW       1
0x0030	0x6E00      	MOVWF       R0 
;__Lib_UART_c67.c,36 :: 		
L_end_UART1_Data_Ready:
0x0032	0x0012      	RETURN      0
; end of _UART1_Data_Ready
_UART1_Read:
;__Lib_UART_c67.c,39 :: 		
;__Lib_UART_c67.c,42 :: 		
0x0034	0xF001CFAE  	MOVFF       RCREG, R1
;__Lib_UART_c67.c,43 :: 		
0x0038	0xA2AB      	BTFSS       RCSTA, 1 
0x003A	0xD002      	BRA         L_UART1_Read2
;__Lib_UART_c67.c,44 :: 		
0x003C	0x98AB      	BCF         RCSTA, 4 
;__Lib_UART_c67.c,45 :: 		
0x003E	0x88AB      	BSF         RCSTA, 4 
;__Lib_UART_c67.c,46 :: 		
L_UART1_Read2:
;__Lib_UART_c67.c,47 :: 		
0x0040	0xF000C001  	MOVFF       R1, R0
;__Lib_UART_c67.c,48 :: 		
L_end_UART1_Read:
0x0044	0x0012      	RETURN      0
; end of _UART1_Read
_UART1_Write_Text:
;__Lib_UART_c67.c,66 :: 		
;__Lib_UART_c67.c,67 :: 		
0x0046	0x0100      	MOVLB       0
0x0048	0x6B60      	CLRF        UART1_Write_Text_counter_L0, 1
;__Lib_UART_c67.c,69 :: 		
0x004A	0xFFE9C065  	MOVFF       FARG_UART1_Write_Text_uart_text, FSR0L
0x004E	0xFFEAC066  	MOVFF       FARG_UART1_Write_Text_uart_text+1, FSR0H
0x0052	0xF05FCFEE  	MOVFF       POSTINC0, UART1_Write_Text_data__L0
;__Lib_UART_c67.c,70 :: 		
L_UART1_Write_Text5:
0x0056	0x505F      	MOVF        UART1_Write_Text_data__L0, 0 
0x0058	0x0A00      	XORLW       0
0x005A	0xE00E      	BZ          L_UART1_Write_Text6
;__Lib_UART_c67.c,71 :: 		
0x005C	0xF067C05F  	MOVFF       UART1_Write_Text_data__L0, FARG_UART1_Write_data_
0x0060	0xDFDD      	RCALL       _UART1_Write
;__Lib_UART_c67.c,72 :: 		
0x0062	0x0100      	MOVLB       0
0x0064	0x2B60      	INCF        UART1_Write_Text_counter_L0, 1, 1
;__Lib_UART_c67.c,73 :: 		
0x0066	0x5160      	MOVF        UART1_Write_Text_counter_L0, 0, 1
0x0068	0x2565      	ADDWF       FARG_UART1_Write_Text_uart_text, 0, 1
0x006A	0x6EE9      	MOVWF       FSR0L 
0x006C	0x0E00      	MOVLW       0
0x006E	0x2166      	ADDWFC      FARG_UART1_Write_Text_uart_text+1, 0, 1
0x0070	0x6EEA      	MOVWF       FSR0L+1 
0x0072	0xF05FCFEE  	MOVFF       POSTINC0, UART1_Write_Text_data__L0
;__Lib_UART_c67.c,74 :: 		
0x0076	0xD7EF      	BRA         L_UART1_Write_Text5
L_UART1_Write_Text6:
;__Lib_UART_c67.c,75 :: 		
L_end_UART1_Write_Text:
0x0078	0x0012      	RETURN      0
; end of _UART1_Write_Text
___CC2DW:
;__Lib_System.c,21 :: 		
;__Lib_System.c,23 :: 		
_CC2DL_Loop1:
;__Lib_System.c,24 :: 		
0x007A	0x0009      	TBLRD*+
;__Lib_System.c,25 :: 		
0x007C	0xFFE6CFF5  	MOVFF       TABLAT, POSTINC1
;__Lib_System.c,26 :: 		
0x0080	0x0600      	DECF        R0, 1, 0
;__Lib_System.c,27 :: 		
0x0082	0xE1FB      	BNZ         _CC2DL_Loop1
;__Lib_System.c,28 :: 		
0x0084	0x0601      	DECF        R1, 1, 0
;__Lib_System.c,29 :: 		
0x0086	0xE1F9      	BNZ         _CC2DL_Loop1
;__Lib_System.c,31 :: 		
L_end___CC2DW:
0x0088	0x0012      	RETURN      0
; end of ___CC2DW
_UART1_Init:
;__Lib_UART_c67.c,15 :: 		
;__Lib_UART_c67.c,18 :: 		
0x008A	0x0E1C      	MOVLW       _UART1_Write
0x008C	0x6E53      	MOVWF       _UART_Wr_Ptr 
0x008E	0x0E00      	MOVLW       hi_addr(_UART1_Write)
0x0090	0x6E54      	MOVWF       _UART_Wr_Ptr+1 
0x0092	0x0E67      	MOVLW       FARG_UART1_Write_data_
0x0094	0x6E55      	MOVWF       _UART_Wr_Ptr+2 
0x0096	0x0E00      	MOVLW       hi_addr(FARG_UART1_Write_data_)
0x0098	0x6E56      	MOVWF       _UART_Wr_Ptr+3 
;__Lib_UART_c67.c,19 :: 		
0x009A	0x0E34      	MOVLW       _UART1_Read
0x009C	0x6E57      	MOVWF       _UART_Rd_Ptr 
0x009E	0x0E00      	MOVLW       hi_addr(_UART1_Read)
0x00A0	0x6E58      	MOVWF       _UART_Rd_Ptr+1 
0x00A2	0x0E00      	MOVLW       0
0x00A4	0x6E59      	MOVWF       _UART_Rd_Ptr+2 
0x00A6	0x0E00      	MOVLW       0
0x00A8	0x6E5A      	MOVWF       _UART_Rd_Ptr+3 
;__Lib_UART_c67.c,20 :: 		
0x00AA	0x0E2A      	MOVLW       _UART1_Data_Ready
0x00AC	0x6E5B      	MOVWF       _UART_Rdy_Ptr 
0x00AE	0x0E00      	MOVLW       hi_addr(_UART1_Data_Ready)
0x00B0	0x6E5C      	MOVWF       _UART_Rdy_Ptr+1 
0x00B2	0x0E00      	MOVLW       0
0x00B4	0x6E5D      	MOVWF       _UART_Rdy_Ptr+2 
0x00B6	0x0E00      	MOVLW       0
0x00B8	0x6E5E      	MOVWF       _UART_Rdy_Ptr+3 
;__Lib_UART_c67.c,21 :: 		
0x00BA	0x0EFF      	MOVLW       _UART1_Tx_Idle
0x00BC	0x0100      	MOVLB       0
0x00BE	0x6F61      	MOVWF       _UART_Tx_Idle_Ptr, 1
0x00C0	0x0EFF      	MOVLW       hi_addr(_UART1_Tx_Idle)
0x00C2	0x6F62      	MOVWF       _UART_Tx_Idle_Ptr+1, 1
0x00C4	0x0E00      	MOVLW       0
0x00C6	0x6F63      	MOVWF       _UART_Tx_Idle_Ptr+2, 1
0x00C8	0x0E00      	MOVLW       0
0x00CA	0x6F64      	MOVWF       _UART_Tx_Idle_Ptr+3, 1
;__Lib_UART_c67.c,23 :: 		
0x00CC	0x8AAC      	BSF         TXSTA, 5 
;__Lib_UART_c67.c,24 :: 		
0x00CE	0x0E90      	MOVLW       144
0x00D0	0x6EAB      	MOVWF       RCSTA 
;__Lib_UART_c67.c,25 :: 		
0x00D2	0x8E94      	BSF         TRISC7_bit, BitPos(TRISC7_bit+0) 
;__Lib_UART_c67.c,26 :: 		
0x00D4	0x9C94      	BCF         TRISC6_bit, BitPos(TRISC6_bit+0) 
;__Lib_UART_c67.c,28 :: 		
L_UART1_Init0:
0x00D6	0xAA9E      	BTFSS       PIR1, 5 
0x00D8	0xD003      	BRA         L_UART1_Init1
;__Lib_UART_c67.c,29 :: 		
0x00DA	0xF000CFAE  	MOVFF       RCREG, R0
0x00DE	0xD7FB      	BRA         L_UART1_Init0
L_UART1_Init1:
;__Lib_UART_c67.c,30 :: 		
L_end_UART1_Init:
0x00E0	0x0012      	RETURN      0
; end of _UART1_Init
_main:
0x00E2	0xF000ECC2  	CALL        388, 0
;main.c,4 :: 		void main() {
;main.c,5 :: 		ADCON1 = 0x0F; // Disable Analog Pins
0x00E6	0x0E0F      	MOVLW       15
0x00E8	0x6EC1      	MOVWF       ADCON1 
;main.c,6 :: 		OSCCON = 0x70; // Use internal oscillator 8MHz
0x00EA	0x0E70      	MOVLW       112
0x00EC	0x6ED3      	MOVWF       OSCCON 
;main.c,13 :: 		TRISB = 0;
0x00EE	0x6A93      	CLRF        TRISB 
;main.c,16 :: 		UART1_Init(9600);
0x00F0	0x86B8      	BSF         BAUDCON, 3, 0
0x00F2	0x6AB0      	CLRF        SPBRGH 
0x00F4	0x0ECF      	MOVLW       207
0x00F6	0x6EAF      	MOVWF       SPBRG 
0x00F8	0x84AC      	BSF         TXSTA, 2, 0
0x00FA	0xDFC7      	RCALL       _UART1_Init
;main.c,18 :: 		LATB = 1;
0x00FC	0x0E01      	MOVLW       1
0x00FE	0x6E8A      	MOVWF       LATB 
;main.c,19 :: 		Delay_ms(2500);
0x0100	0x0E1A      	MOVLW       26
0x0102	0x6E0B      	MOVWF       R11, 0
0x0104	0x0E5E      	MOVLW       94
0x0106	0x6E0C      	MOVWF       R12, 0
0x0108	0x0E6E      	MOVLW       110
0x010A	0x6E0D      	MOVWF       R13, 0
L_main0:
0x010C	0x2E0D      	DECFSZ      R13, 1, 0
0x010E	0xD7FE      	BRA         L_main0
0x0110	0x2E0C      	DECFSZ      R12, 1, 0
0x0112	0xD7FC      	BRA         L_main0
0x0114	0x2E0B      	DECFSZ      R11, 1, 0
0x0116	0xD7FA      	BRA         L_main0
0x0118	0x0000      	NOP
;main.c,21 :: 		UART1_Write_Text("PIC 4550 Ready!!!");
0x011A	0x0E41      	MOVLW       ?lstr1_main
0x011C	0x6F65      	MOVWF       FARG_UART1_Write_Text_uart_text, 1
0x011E	0x0E00      	MOVLW       hi_addr(?lstr1_main)
0x0120	0x6F66      	MOVWF       FARG_UART1_Write_Text_uart_text+1, 1
0x0122	0xDF91      	RCALL       _UART1_Write_Text
;main.c,25 :: 		LATB = 0;
0x0124	0x6A8A      	CLRF        LATB 
;main.c,26 :: 		LATB.RB7 = 1;
0x0126	0x8E8A      	BSF         LATB, 7 
;main.c,28 :: 		UART1_Write_Text("STX\nWiFiConnect\nLorenzo\nmasterjellalJKL123\n");
0x0128	0x0E15      	MOVLW       ?lstr2_main
0x012A	0x6F65      	MOVWF       FARG_UART1_Write_Text_uart_text, 1
0x012C	0x0E00      	MOVLW       hi_addr(?lstr2_main)
0x012E	0x6F66      	MOVWF       FARG_UART1_Write_Text_uart_text+1, 1
0x0130	0xDF8A      	RCALL       _UART1_Write_Text
;main.c,30 :: 		while(1) {
L_main1:
;main.c,31 :: 		if (UART1_Data_Ready() == 1) {
0x0132	0xDF7B      	RCALL       _UART1_Data_Ready
0x0134	0x5000      	MOVF        R0, 0 
0x0136	0x0A01      	XORLW       1
0x0138	0xE104      	BNZ         L_main3
;main.c,32 :: 		UART1_Write(UART1_Read());
0x013A	0xDF7C      	RCALL       _UART1_Read
0x013C	0xF067C000  	MOVFF       R0, FARG_UART1_Write_data_
0x0140	0xDF6D      	RCALL       _UART1_Write
;main.c,33 :: 		}
L_main3:
;main.c,34 :: 		}
0x0142	0xD7F7      	BRA         L_main1
;main.c,35 :: 		}
L_end_main:
0x0144	0xD7FF      	BRA         $+0
; end of _main
0x0184	0xF015EE10  	LFSR        1, 21
0x0188	0x0E3E      	MOVLW       62
0x018A	0x6E00      	MOVWF       R0 
0x018C	0x0E01      	MOVLW       1
0x018E	0x6E01      	MOVWF       R1 
0x0190	0x0E46      	MOVLW       70
0x0192	0x6EF6      	MOVWF       4086 
0x0194	0x0E01      	MOVLW       1
0x0196	0x6EF7      	MOVWF       TBLPTRH 
0x0198	0x0E00      	MOVLW       0
0x019A	0x6EF8      	MOVWF       TBLPTRU 
0x019C	0xF000EC3D  	CALL        122, 0
0x01A0	0x0012      	RETURN      0
;main.c,0 :: ?ICS?lstr2_main
0x0146	0x5453 ;?ICS?lstr2_main+0
0x0148	0x0A58 ;?ICS?lstr2_main+2
0x014A	0x6957 ;?ICS?lstr2_main+4
0x014C	0x6946 ;?ICS?lstr2_main+6
0x014E	0x6F43 ;?ICS?lstr2_main+8
0x0150	0x6E6E ;?ICS?lstr2_main+10
0x0152	0x6365 ;?ICS?lstr2_main+12
0x0154	0x0A74 ;?ICS?lstr2_main+14
0x0156	0x6F4C ;?ICS?lstr2_main+16
0x0158	0x6572 ;?ICS?lstr2_main+18
0x015A	0x7A6E ;?ICS?lstr2_main+20
0x015C	0x0A6F ;?ICS?lstr2_main+22
0x015E	0x616D ;?ICS?lstr2_main+24
0x0160	0x7473 ;?ICS?lstr2_main+26
0x0162	0x7265 ;?ICS?lstr2_main+28
0x0164	0x656A ;?ICS?lstr2_main+30
0x0166	0x6C6C ;?ICS?lstr2_main+32
0x0168	0x6C61 ;?ICS?lstr2_main+34
0x016A	0x4B4A ;?ICS?lstr2_main+36
0x016C	0x314C ;?ICS?lstr2_main+38
0x016E	0x3332 ;?ICS?lstr2_main+40
0x0170	0x000A ;?ICS?lstr2_main+42
; end of ?ICS?lstr2_main
;main.c,0 :: ?ICS?lstr1_main
0x0172	0x4950 ;?ICS?lstr1_main+0
0x0174	0x2043 ;?ICS?lstr1_main+2
0x0176	0x3534 ;?ICS?lstr1_main+4
0x0178	0x3035 ;?ICS?lstr1_main+6
0x017A	0x5220 ;?ICS?lstr1_main+8
0x017C	0x6165 ;?ICS?lstr1_main+10
0x017E	0x7964 ;?ICS?lstr1_main+12
0x0180	0x2121 ;?ICS?lstr1_main+14
0x0182	0x0021 ;?ICS?lstr1_main+16
; end of ?ICS?lstr1_main
Symbol List:
//** Routines locations **
//ADDRESS    SIZE    PROCEDURE
//----------------------------------------------
0x001C      [14]    _UART1_Write
0x002A      [10]    _UART1_Data_Ready
0x0034      [18]    _UART1_Read
0x0046      [52]    _UART1_Write_Text
0x007A      [16]    ___CC2DW
0x008A      [88]    _UART1_Init
0x00E2     [100]    _main
//** Variables locations ** 
//ADDRESS    SIZE    VARIABLE
//----------------------------------------------
0x0000       [1]    UART1_Init_tmp_L0
0x0000       [1]    R0
0x0001       [1]    R1
0x0001       [1]    UART1_Read___tmp_UART1_Read_L0
0x0002       [1]    R2
0x0003       [1]    R3
0x0004       [1]    R4
0x0005       [1]    R5
0x0006       [1]    R6
0x0007       [1]    R7
0x0008       [1]    R8
0x0009       [1]    R9
0x000A       [1]    R10
0x000B       [1]    R11
0x000C       [1]    R12
0x000D       [1]    R13
0x000E       [1]    R14
0x000F       [1]    R15
0x0010       [1]    R16
0x0011       [1]    R17
0x0012       [1]    R18
0x0013       [1]    R19
0x0014       [1]    R20
0x0015      [44]    ?lstr2_main
0x0041      [18]    ?lstr1_main
0x0053       [4]    _UART_Wr_Ptr
0x0057       [4]    _UART_Rd_Ptr
0x005B       [4]    _UART_Rdy_Ptr
0x005F       [1]    UART1_Write_Text_data__L0
0x0060       [1]    UART1_Write_Text_counter_L0
0x0061       [4]    _UART_Tx_Idle_Ptr
0x0065       [2]    FARG_UART1_Write_Text_uart_text
0x0067       [1]    FARG_UART1_Write_data_
0x0F8A       [1]    LATB
0x0F93       [1]    TRISB
0x0F94       [0]    TRISC6_bit
0x0F94       [0]    TRISC7_bit
0x0F9E       [1]    PIR1
0x0FAB       [1]    RCSTA
0x0FAC       [1]    TXSTA
0x0FAD       [1]    TXREG
0x0FAE       [1]    RCREG
0x0FAF       [1]    SPBRG
0x0FB0       [1]    SPBRGH
0x0FB8       [1]    BAUDCON
0x0FC1       [1]    ADCON1
0x0FD3       [1]    OSCCON
0x0FD8       [1]    STATUS
0x0FD9       [1]    FSR2L
0x0FDA       [1]    FSR2H
0x0FDE       [1]    POSTINC2
0x0FE0       [1]    BSR
0x0FE1       [1]    FSR1L
0x0FE2       [1]    FSR1H
0x0FE4       [1]    PREINC1
0x0FE6       [1]    POSTINC1
0x0FE7       [1]    INDF1
0x0FE8       [1]    WREG
0x0FE9       [1]    FSR0L
0x0FEA       [1]    FSR0H
0x0FEE       [1]    POSTINC0
0x0FF3       [1]    PRODL
0x0FF4       [1]    PRODH
0x0FF5       [1]    TABLAT
0x0FF6       [1]    TBLPTRL
0x0FF7       [1]    TBLPTRH
0x0FF8       [1]    TBLPTRU
//** Constants locations ** 
//ADDRESS    SIZE    CONSTANT
//----------------------------------------------
0x0146      [44]    ?ICS?lstr2_main
0x0172      [18]    ?ICS?lstr1_main
